2023-04-05 12:02:15,173 [Worker-4: Loading available Gradle versions] INFO  o.e.b.c.i.u.g.PublishedGradleVersions - Gradle version information cache is up-to-date. Trying to read.
2023-04-05 12:10:12,839 [Worker-10: Creating project "Hibernatepro"] INFO  o.e.m.c.i.l.LifecycleMappingFactory - Using org.eclipse.m2e.jdt.JarLifecycleMapping lifecycle mapping for MavenProject: com.jsp:Hibernatepro:0.0.1-SNAPSHOT @ C:\Users\vijaykumar\Desktop\hibernet\Hibernatepro\pom.xml.
2023-04-05 12:10:19,451 [Worker-10: Creating project "Hibernatepro"] INFO  o.e.m.j.i.AbstractJavaProjectConfigurator - Adding source folder /Hibernatepro/src/main/java
2023-04-05 12:10:19,468 [Worker-10: Creating project "Hibernatepro"] INFO  o.e.m.j.i.AbstractJavaProjectConfigurator - Adding resource folder /Hibernatepro/src/main/resources
2023-04-05 12:10:19,474 [Worker-10: Creating project "Hibernatepro"] INFO  o.e.m.j.i.AbstractJavaProjectConfigurator - Adding source folder /Hibernatepro/src/test/java
2023-04-05 12:10:19,476 [Worker-10: Creating project "Hibernatepro"] INFO  o.e.m.j.i.AbstractJavaProjectConfigurator - Adding resource folder /Hibernatepro/src/test/resources
2023-04-05 12:10:27,438 [Worker-15: Building] WARN  o.e.m.c.i.embedder.EclipseLogger - Using platform encoding (Cp1252 actually) to copy filtered resources, i.e. build is platform dependent!
2023-04-05 12:10:27,504 [Worker-15: Building] INFO  o.e.m.c.i.embedder.EclipseLogger - Copying 0 resource
2023-04-05 12:10:27,516 [Worker-15: Building] WARN  o.e.m.c.i.embedder.EclipseLogger - Using platform encoding (Cp1252 actually) to copy filtered resources, i.e. build is platform dependent!
2023-04-05 12:10:27,522 [Worker-15: Building] INFO  o.e.m.c.i.embedder.EclipseLogger - Copying 0 resource
2023-04-05 13:04:14,520 [Worker-31: Building] WARN  o.e.m.c.i.embedder.EclipseLogger - Using platform encoding (Cp1252 actually) to copy filtered resources, i.e. build is platform dependent!
2023-04-05 13:04:14,553 [Worker-31: Building] INFO  o.e.m.c.i.embedder.EclipseLogger - Copying 0 resource
2023-04-05 13:04:14,592 [Worker-31: Building] WARN  o.e.m.c.i.embedder.EclipseLogger - Using platform encoding (Cp1252 actually) to copy filtered resources, i.e. build is platform dependent!
2023-04-05 13:04:14,598 [Worker-31: Building] INFO  o.e.m.c.i.embedder.EclipseLogger - Copying 0 resource
2023-04-05 13:04:34,241 [Worker-33: Building] WARN  o.e.m.c.i.embedder.EclipseLogger - Using platform encoding (Cp1252 actually) to copy filtered resources, i.e. build is platform dependent!
2023-04-05 13:04:34,247 [Worker-33: Building] INFO  o.e.m.c.i.embedder.EclipseLogger - Copying 0 resource
2023-04-05 13:04:34,256 [Worker-33: Building] WARN  o.e.m.c.i.embedder.EclipseLogger - Using platform encoding (Cp1252 actually) to copy filtered resources, i.e. build is platform dependent!
2023-04-05 13:04:34,270 [Worker-33: Building] INFO  o.e.m.c.i.embedder.EclipseLogger - Copying 0 resource
2023-04-05 13:05:03,674 [Worker-30: Building] WARN  o.e.m.c.i.embedder.EclipseLogger - Using platform encoding (Cp1252 actually) to copy filtered resources, i.e. build is platform dependent!
2023-04-05 13:05:03,693 [Worker-30: Building] INFO  o.e.m.c.i.embedder.EclipseLogger - Copying 0 resource
2023-04-05 13:05:03,725 [Worker-30: Building] WARN  o.e.m.c.i.embedder.EclipseLogger - Using platform encoding (Cp1252 actually) to copy filtered resources, i.e. build is platform dependent!
2023-04-05 13:05:03,737 [Worker-30: Building] INFO  o.e.m.c.i.embedder.EclipseLogger - Copying 0 resource
2023-04-05 13:05:43,168 [Worker-31: Building] WARN  o.e.m.c.i.embedder.EclipseLogger - Using platform encoding (Cp1252 actually) to copy filtered resources, i.e. build is platform dependent!
2023-04-05 13:05:43,176 [Worker-31: Building] INFO  o.e.m.c.i.embedder.EclipseLogger - Copying 1 resource
2023-04-05 13:05:43,282 [Worker-31: Building] WARN  o.e.m.c.i.embedder.EclipseLogger - Using platform encoding (Cp1252 actually) to copy filtered resources, i.e. build is platform dependent!
2023-04-05 13:05:43,287 [Worker-31: Building] INFO  o.e.m.c.i.embedder.EclipseLogger - Copying 0 resource
2023-04-05 13:05:44,487 [Worker-33: Building] WARN  o.e.m.c.i.embedder.EclipseLogger - Using platform encoding (Cp1252 actually) to copy filtered resources, i.e. build is platform dependent!
2023-04-05 13:05:44,493 [Worker-33: Building] INFO  o.e.m.c.i.embedder.EclipseLogger - Copying 1 resource
2023-04-05 13:05:44,520 [Worker-33: Building] WARN  o.e.m.c.i.embedder.EclipseLogger - Using platform encoding (Cp1252 actually) to copy filtered resources, i.e. build is platform dependent!
2023-04-05 13:05:44,524 [Worker-33: Building] INFO  o.e.m.c.i.embedder.EclipseLogger - Copying 0 resource
2023-04-05 15:52:39,407 [Worker-40: Building] INFO  o.e.m.c.i.l.LifecycleMappingFactory - Using org.eclipse.m2e.jdt.JarLifecycleMapping lifecycle mapping for MavenProject: com.jsp:Hibernatepro:0.0.1-SNAPSHOT @ C:\Users\vijaykumar\Desktop\hibernet\Hibernatepro\pom.xml.
2023-04-05 15:53:10,752 [Worker-40: Building] WARN  o.e.m.c.i.embedder.EclipseLogger - Using platform encoding (Cp1252 actually) to copy filtered resources, i.e. build is platform dependent!
2023-04-05 15:53:10,802 [Worker-40: Building] INFO  o.e.m.c.i.embedder.EclipseLogger - Copying 1 resource
2023-04-05 15:53:10,895 [Worker-40: Building] WARN  o.e.m.c.i.embedder.EclipseLogger - Using platform encoding (Cp1252 actually) to copy filtered resources, i.e. build is platform dependent!
2023-04-05 15:53:10,901 [Worker-40: Building] INFO  o.e.m.c.i.embedder.EclipseLogger - Copying 0 resource
2023-04-05 15:53:17,499 [Worker-40: Building] WARN  o.e.m.c.i.embedder.EclipseLogger - Using platform encoding (Cp1252 actually) to copy filtered resources, i.e. build is platform dependent!
2023-04-05 15:53:17,639 [Worker-40: Building] INFO  o.e.m.c.i.embedder.EclipseLogger - Copying 1 resource
2023-04-05 15:53:17,736 [Worker-40: Building] WARN  o.e.m.c.i.embedder.EclipseLogger - Using platform encoding (Cp1252 actually) to copy filtered resources, i.e. build is platform dependent!
2023-04-05 15:53:17,806 [Worker-40: Building] INFO  o.e.m.c.i.embedder.EclipseLogger - Copying 0 resource
2023-04-06 11:50:55,792 [Worker-2: Loading available Gradle versions] INFO  o.e.b.c.i.u.g.PublishedGradleVersions - Gradle version information cache is up-to-date. Trying to read.
2023-04-06 11:55:19,369 [Worker-3: Building] WARN  o.e.m.c.i.embedder.EclipseLogger - Using platform encoding (Cp1252 actually) to copy filtered resources, i.e. build is platform dependent!
2023-04-06 11:55:19,411 [Worker-3: Building] INFO  o.e.m.c.i.embedder.EclipseLogger - Copying 1 resource
2023-04-06 11:55:19,471 [Worker-3: Building] WARN  o.e.m.c.i.embedder.EclipseLogger - Using platform encoding (Cp1252 actually) to copy filtered resources, i.e. build is platform dependent!
2023-04-06 11:55:19,477 [Worker-3: Building] INFO  o.e.m.c.i.embedder.EclipseLogger - Copying 0 resource
2023-04-06 12:36:29,832 [Worker-20: Building] WARN  o.e.m.c.i.embedder.EclipseLogger - Using platform encoding (Cp1252 actually) to copy filtered resources, i.e. build is platform dependent!
2023-04-06 12:36:29,958 [Worker-20: Building] INFO  o.e.m.c.i.embedder.EclipseLogger - Copying 1 resource
2023-04-06 12:36:29,972 [Worker-20: Building] WARN  o.e.m.c.i.embedder.EclipseLogger - Using platform encoding (Cp1252 actually) to copy filtered resources, i.e. build is platform dependent!
2023-04-06 12:36:29,978 [Worker-20: Building] INFO  o.e.m.c.i.embedder.EclipseLogger - Copying 0 resource
2023-04-06 12:37:17,668 [Worker-24: Building] WARN  o.e.m.c.i.embedder.EclipseLogger - Using platform encoding (Cp1252 actually) to copy filtered resources, i.e. build is platform dependent!
2023-04-06 12:37:17,677 [Worker-24: Building] INFO  o.e.m.c.i.embedder.EclipseLogger - Copying 1 resource
2023-04-06 12:37:17,698 [Worker-24: Building] WARN  o.e.m.c.i.embedder.EclipseLogger - Using platform encoding (Cp1252 actually) to copy filtered resources, i.e. build is platform dependent!
2023-04-06 12:37:17,710 [Worker-24: Building] INFO  o.e.m.c.i.embedder.EclipseLogger - Copying 0 resource
2023-04-06 12:37:18,859 [Worker-20: Building] WARN  o.e.m.c.i.embedder.EclipseLogger - Using platform encoding (Cp1252 actually) to copy filtered resources, i.e. build is platform dependent!
2023-04-06 12:37:18,878 [Worker-20: Building] INFO  o.e.m.c.i.embedder.EclipseLogger - Copying 0 resource
2023-04-06 12:37:18,909 [Worker-20: Building] WARN  o.e.m.c.i.embedder.EclipseLogger - Using platform encoding (Cp1252 actually) to copy filtered resources, i.e. build is platform dependent!
2023-04-06 12:37:18,917 [Worker-20: Building] INFO  o.e.m.c.i.embedder.EclipseLogger - Copying 0 resource
2023-04-06 12:37:40,722 [Worker-20: Building] WARN  o.e.m.c.i.embedder.EclipseLogger - Using platform encoding (Cp1252 actually) to copy filtered resources, i.e. build is platform dependent!
2023-04-06 12:37:40,732 [Worker-20: Building] INFO  o.e.m.c.i.embedder.EclipseLogger - Copying 1 resource
2023-04-06 12:37:40,822 [Worker-20: Building] WARN  o.e.m.c.i.embedder.EclipseLogger - Using platform encoding (Cp1252 actually) to copy filtered resources, i.e. build is platform dependent!
2023-04-06 12:37:40,827 [Worker-20: Building] INFO  o.e.m.c.i.embedder.EclipseLogger - Copying 0 resource
2023-04-06 12:37:56,487 [Worker-20: Building] INFO  o.e.m.c.i.l.LifecycleMappingFactory - Using org.eclipse.m2e.jdt.JarLifecycleMapping lifecycle mapping for MavenProject: com.jsp:Hibernatepro:0.0.1-SNAPSHOT @ C:\Users\vijaykumar\Desktop\hibernet\Hibernatepro\pom.xml.
2023-04-06 12:37:58,706 [Worker-20: Building] WARN  o.e.m.c.i.embedder.EclipseLogger - Using platform encoding (Cp1252 actually) to copy filtered resources, i.e. build is platform dependent!
2023-04-06 12:37:58,717 [Worker-20: Building] INFO  o.e.m.c.i.embedder.EclipseLogger - Copying 0 resource
2023-04-06 12:37:58,750 [Worker-20: Building] WARN  o.e.m.c.i.embedder.EclipseLogger - Using platform encoding (Cp1252 actually) to copy filtered resources, i.e. build is platform dependent!
2023-04-06 12:37:58,755 [Worker-20: Building] INFO  o.e.m.c.i.embedder.EclipseLogger - Copying 0 resource
2023-04-06 12:41:03,807 [Worker-25: Building] WARN  o.e.m.c.i.embedder.EclipseLogger - Using platform encoding (Cp1252 actually) to copy filtered resources, i.e. build is platform dependent!
2023-04-06 12:41:03,819 [Worker-25: Building] INFO  o.e.m.c.i.embedder.EclipseLogger - Copying 1 resource
2023-04-06 12:41:03,983 [Worker-25: Building] WARN  o.e.m.c.i.embedder.EclipseLogger - Using platform encoding (Cp1252 actually) to copy filtered resources, i.e. build is platform dependent!
2023-04-06 12:41:03,997 [Worker-25: Building] INFO  o.e.m.c.i.embedder.EclipseLogger - Copying 0 resource
2023-04-06 12:52:06,662 [Worker-27: Launching Saveperson] WARN  o.e.m.c.i.embedder.EclipseLogger - Using platform encoding (Cp1252 actually) to copy filtered resources, i.e. build is platform dependent!
2023-04-06 12:52:06,675 [Worker-27: Launching Saveperson] INFO  o.e.m.c.i.embedder.EclipseLogger - Copying 1 resource
2023-04-06 12:52:06,749 [Worker-27: Launching Saveperson] WARN  o.e.m.c.i.embedder.EclipseLogger - Using platform encoding (Cp1252 actually) to copy filtered resources, i.e. build is platform dependent!
2023-04-06 12:52:06,754 [Worker-27: Launching Saveperson] INFO  o.e.m.c.i.embedder.EclipseLogger - Copying 0 resource
2023-04-07 12:25:14,816 [Worker-1: Loading available Gradle versions] INFO  o.e.b.c.i.u.g.PublishedGradleVersions - Gradle version information cache is out-of-date. Trying to update.
2023-04-07 12:28:07,917 [Worker-11: Creating project "newHibernate"] INFO  o.e.m.c.i.l.LifecycleMappingFactory - Using org.eclipse.m2e.jdt.JarLifecycleMapping lifecycle mapping for MavenProject: com.jsp.in:newHibernate:0.0.1-SNAPSHOT @ C:\Users\vijaykumar\Desktop\hibernet\newHibernate\pom.xml.
2023-04-07 12:28:13,733 [Worker-11: Creating project "newHibernate"] INFO  o.e.m.j.i.AbstractJavaProjectConfigurator - Adding source folder /newHibernate/src/main/java
2023-04-07 12:28:13,749 [Worker-11: Creating project "newHibernate"] INFO  o.e.m.j.i.AbstractJavaProjectConfigurator - Adding resource folder /newHibernate/src/main/resources
2023-04-07 12:28:13,751 [Worker-11: Creating project "newHibernate"] INFO  o.e.m.j.i.AbstractJavaProjectConfigurator - Adding source folder /newHibernate/src/test/java
2023-04-07 12:28:13,752 [Worker-11: Creating project "newHibernate"] INFO  o.e.m.j.i.AbstractJavaProjectConfigurator - Adding resource folder /newHibernate/src/test/resources
2023-04-07 12:28:16,099 [Worker-12: Building] WARN  o.e.m.c.i.embedder.EclipseLogger - Using platform encoding (Cp1252 actually) to copy filtered resources, i.e. build is platform dependent!
2023-04-07 12:28:16,124 [Worker-12: Building] INFO  o.e.m.c.i.embedder.EclipseLogger - Copying 0 resource
2023-04-07 12:28:16,149 [Worker-12: Building] WARN  o.e.m.c.i.embedder.EclipseLogger - Using platform encoding (Cp1252 actually) to copy filtered resources, i.e. build is platform dependent!
2023-04-07 12:28:16,152 [Worker-12: Building] INFO  o.e.m.c.i.embedder.EclipseLogger - Copying 0 resource
2023-04-07 12:33:09,359 [Worker-16: Building] WARN  o.e.m.c.i.embedder.EclipseLogger - Using platform encoding (Cp1252 actually) to copy filtered resources, i.e. build is platform dependent!
2023-04-07 12:33:09,390 [Worker-16: Building] INFO  o.e.m.c.i.embedder.EclipseLogger - Copying 0 resource
2023-04-07 12:33:09,402 [Worker-16: Building] WARN  o.e.m.c.i.embedder.EclipseLogger - Using platform encoding (Cp1252 actually) to copy filtered resources, i.e. build is platform dependent!
2023-04-07 12:33:09,406 [Worker-16: Building] INFO  o.e.m.c.i.embedder.EclipseLogger - Copying 0 resource
2023-04-07 12:57:35,381 [Worker-19: Building Workspace] INFO  o.e.m.c.i.l.LifecycleMappingFactory - Using org.eclipse.m2e.jdt.JarLifecycleMapping lifecycle mapping for MavenProject: com.jsp.in:newHibernate:0.0.1-SNAPSHOT @ C:\Users\vijaykumar\Desktop\hibernet\newHibernate\pom.xml.
2023-04-07 12:57:38,965 [Worker-19: Building Workspace] WARN  o.e.m.c.i.embedder.EclipseLogger - Using platform encoding (Cp1252 actually) to copy filtered resources, i.e. build is platform dependent!
2023-04-07 12:57:38,970 [Worker-19: Building Workspace] INFO  o.e.m.c.i.embedder.EclipseLogger - Copying 1 resource
2023-04-07 12:57:39,115 [Worker-19: Building Workspace] WARN  o.e.m.c.i.embedder.EclipseLogger - Using platform encoding (Cp1252 actually) to copy filtered resources, i.e. build is platform dependent!
2023-04-07 12:57:39,117 [Worker-19: Building Workspace] INFO  o.e.m.c.i.embedder.EclipseLogger - Copying 0 resource
2023-04-07 12:57:39,927 [Worker-19: Building] WARN  o.e.m.c.i.embedder.EclipseLogger - Using platform encoding (Cp1252 actually) to copy filtered resources, i.e. build is platform dependent!
2023-04-07 12:57:39,951 [Worker-19: Building] INFO  o.e.m.c.i.embedder.EclipseLogger - Copying 1 resource
2023-04-07 12:57:39,964 [Worker-19: Building] WARN  o.e.m.c.i.embedder.EclipseLogger - Using platform encoding (Cp1252 actually) to copy filtered resources, i.e. build is platform dependent!
2023-04-07 12:57:39,968 [Worker-19: Building] INFO  o.e.m.c.i.embedder.EclipseLogger - Copying 0 resource
2023-04-07 12:58:10,611 [Worker-18: Building] WARN  o.e.m.c.i.embedder.EclipseLogger - Using platform encoding (Cp1252 actually) to copy filtered resources, i.e. build is platform dependent!
2023-04-07 12:58:10,621 [Worker-18: Building] INFO  o.e.m.c.i.embedder.EclipseLogger - Copying 1 resource
2023-04-07 12:58:10,631 [Worker-18: Building] WARN  o.e.m.c.i.embedder.EclipseLogger - Using platform encoding (Cp1252 actually) to copy filtered resources, i.e. build is platform dependent!
2023-04-07 12:58:10,636 [Worker-18: Building] INFO  o.e.m.c.i.embedder.EclipseLogger - Copying 0 resource
2023-04-07 12:58:24,941 [Worker-20: Building] WARN  o.e.m.c.i.embedder.EclipseLogger - Using platform encoding (Cp1252 actually) to copy filtered resources, i.e. build is platform dependent!
2023-04-07 12:58:24,955 [Worker-20: Building] INFO  o.e.m.c.i.embedder.EclipseLogger - Copying 1 resource
2023-04-07 12:58:24,968 [Worker-20: Building] WARN  o.e.m.c.i.embedder.EclipseLogger - Using platform encoding (Cp1252 actually) to copy filtered resources, i.e. build is platform dependent!
2023-04-07 12:58:24,995 [Worker-20: Building] INFO  o.e.m.c.i.embedder.EclipseLogger - Copying 0 resource
2023-04-07 13:01:44,349 [Worker-19: Building] WARN  o.e.m.c.i.embedder.EclipseLogger - Using platform encoding (Cp1252 actually) to copy filtered resources, i.e. build is platform dependent!
2023-04-07 13:01:44,363 [Worker-19: Building] INFO  o.e.m.c.i.embedder.EclipseLogger - Copying 1 resource
2023-04-07 13:01:44,388 [Worker-19: Building] WARN  o.e.m.c.i.embedder.EclipseLogger - Using platform encoding (Cp1252 actually) to copy filtered resources, i.e. build is platform dependent!
2023-04-07 13:01:44,398 [Worker-19: Building] INFO  o.e.m.c.i.embedder.EclipseLogger - Copying 0 resource
2023-04-07 13:09:26,738 [Worker-23: Launching Useperson] WARN  o.e.m.c.i.embedder.EclipseLogger - Using platform encoding (Cp1252 actually) to copy filtered resources, i.e. build is platform dependent!
2023-04-07 13:09:26,743 [Worker-23: Launching Useperson] INFO  o.e.m.c.i.embedder.EclipseLogger - Copying 1 resource
2023-04-07 13:09:26,748 [Worker-23: Launching Useperson] WARN  o.e.m.c.i.embedder.EclipseLogger - Using platform encoding (Cp1252 actually) to copy filtered resources, i.e. build is platform dependent!
2023-04-07 13:09:26,751 [Worker-23: Launching Useperson] INFO  o.e.m.c.i.embedder.EclipseLogger - Copying 0 resource
2023-04-07 13:12:53,622 [Worker-24: Launching Saveperson] WARN  o.e.m.c.i.embedder.EclipseLogger - Using platform encoding (Cp1252 actually) to copy filtered resources, i.e. build is platform dependent!
2023-04-07 13:12:53,625 [Worker-24: Launching Saveperson] INFO  o.e.m.c.i.embedder.EclipseLogger - Copying 1 resource
2023-04-07 13:12:53,643 [Worker-24: Launching Saveperson] WARN  o.e.m.c.i.embedder.EclipseLogger - Using platform encoding (Cp1252 actually) to copy filtered resources, i.e. build is platform dependent!
2023-04-07 13:12:53,646 [Worker-24: Launching Saveperson] INFO  o.e.m.c.i.embedder.EclipseLogger - Copying 0 resource
2023-04-10 12:02:31,194 [Worker-7: Loading available Gradle versions] INFO  o.e.b.c.i.u.g.PublishedGradleVersions - Gradle version information cache is out-of-date. Trying to update.
2023-04-10 12:02:36,143 [Worker-7: Loading available Gradle versions] INFO  o.e.b.c.i.u.g.PublishedGradleVersions - Updating Gradle version information cache failed. Using outdated cache.
2023-04-10 12:29:33,032 [Worker-5: Creating project "project"] INFO  o.e.m.c.i.l.LifecycleMappingFactory - Using org.eclipse.m2e.jdt.JarLifecycleMapping lifecycle mapping for MavenProject: com:project:0.0.1-SNAPSHOT @ C:\Users\vijaykumar\Desktop\hibernet\project\pom.xml.
2023-04-10 12:29:44,553 [Worker-5: Creating project "project"] INFO  o.e.m.j.i.AbstractJavaProjectConfigurator - Adding source folder /project/src/main/java
2023-04-10 12:29:44,587 [Worker-5: Creating project "project"] INFO  o.e.m.j.i.AbstractJavaProjectConfigurator - Adding resource folder /project/src/main/resources
2023-04-10 12:29:44,589 [Worker-5: Creating project "project"] INFO  o.e.m.j.i.AbstractJavaProjectConfigurator - Adding source folder /project/src/test/java
2023-04-10 12:29:44,590 [Worker-5: Creating project "project"] INFO  o.e.m.j.i.AbstractJavaProjectConfigurator - Adding resource folder /project/src/test/resources
2023-04-10 12:29:51,405 [Worker-16: Building] WARN  o.e.m.c.i.embedder.EclipseLogger - Using platform encoding (Cp1252 actually) to copy filtered resources, i.e. build is platform dependent!
2023-04-10 12:29:51,438 [Worker-16: Building] INFO  o.e.m.c.i.embedder.EclipseLogger - Copying 1 resource
2023-04-10 12:29:51,591 [Worker-16: Building] WARN  o.e.m.c.i.embedder.EclipseLogger - Using platform encoding (Cp1252 actually) to copy filtered resources, i.e. build is platform dependent!
2023-04-10 12:29:51,594 [Worker-16: Building] INFO  o.e.m.c.i.embedder.EclipseLogger - Copying 0 resource
2023-04-10 12:29:53,629 [Worker-16: Building] WARN  o.e.m.c.i.embedder.EclipseLogger - Using platform encoding (Cp1252 actually) to copy filtered resources, i.e. build is platform dependent!
2023-04-10 12:29:53,632 [Worker-16: Building] INFO  o.e.m.c.i.embedder.EclipseLogger - Copying 1 resource
2023-04-10 12:29:53,660 [Worker-16: Building] WARN  o.e.m.c.i.embedder.EclipseLogger - Using platform encoding (Cp1252 actually) to copy filtered resources, i.e. build is platform dependent!
2023-04-10 12:29:53,662 [Worker-16: Building] INFO  o.e.m.c.i.embedder.EclipseLogger - Copying 0 resource
2023-04-10 12:29:53,719 [Worker-16: Building] WARN  o.e.m.c.i.embedder.EclipseLogger - Using platform encoding (Cp1252 actually) to copy filtered resources, i.e. build is platform dependent!
2023-04-10 12:29:53,723 [Worker-16: Building] INFO  o.e.m.c.i.embedder.EclipseLogger - Copying 0 resource
2023-04-10 12:29:53,756 [Worker-16: Building] WARN  o.e.m.c.i.embedder.EclipseLogger - Using platform encoding (Cp1252 actually) to copy filtered resources, i.e. build is platform dependent!
2023-04-10 12:29:53,760 [Worker-16: Building] INFO  o.e.m.c.i.embedder.EclipseLogger - Copying 0 resource
2023-04-10 12:31:13,448 [Worker-15: Building] WARN  o.e.m.c.i.embedder.EclipseLogger - Using platform encoding (Cp1252 actually) to copy filtered resources, i.e. build is platform dependent!
2023-04-10 12:31:13,511 [Worker-15: Building] INFO  o.e.m.c.i.embedder.EclipseLogger - Copying 0 resource
2023-04-10 12:31:13,522 [Worker-15: Building] WARN  o.e.m.c.i.embedder.EclipseLogger - Using platform encoding (Cp1252 actually) to copy filtered resources, i.e. build is platform dependent!
2023-04-10 12:31:13,528 [Worker-15: Building] INFO  o.e.m.c.i.embedder.EclipseLogger - Copying 0 resource
2023-04-10 12:31:39,192 [Worker-5: Building Workspace] INFO  o.e.m.c.i.l.LifecycleMappingFactory - Using org.eclipse.m2e.jdt.JarLifecycleMapping lifecycle mapping for MavenProject: com:project:0.0.1-SNAPSHOT @ C:\Users\vijaykumar\Desktop\hibernet\project\pom.xml.
2023-04-10 12:31:40,301 [Worker-5: Building Workspace] WARN  o.e.m.c.i.embedder.EclipseLogger - Using platform encoding (Cp1252 actually) to copy filtered resources, i.e. build is platform dependent!
2023-04-10 12:31:40,306 [Worker-5: Building Workspace] INFO  o.e.m.c.i.embedder.EclipseLogger - Copying 1 resource
2023-04-10 12:31:40,328 [Worker-5: Building Workspace] WARN  o.e.m.c.i.embedder.EclipseLogger - Using platform encoding (Cp1252 actually) to copy filtered resources, i.e. build is platform dependent!
2023-04-10 12:31:40,331 [Worker-5: Building Workspace] INFO  o.e.m.c.i.embedder.EclipseLogger - Copying 0 resource
2023-04-10 12:31:40,842 [Worker-17: Building] WARN  o.e.m.c.i.embedder.EclipseLogger - Using platform encoding (Cp1252 actually) to copy filtered resources, i.e. build is platform dependent!
2023-04-10 12:31:40,859 [Worker-17: Building] INFO  o.e.m.c.i.embedder.EclipseLogger - Copying 1 resource
2023-04-10 12:31:40,872 [Worker-17: Building] WARN  o.e.m.c.i.embedder.EclipseLogger - Using platform encoding (Cp1252 actually) to copy filtered resources, i.e. build is platform dependent!
2023-04-10 12:31:40,874 [Worker-17: Building] INFO  o.e.m.c.i.embedder.EclipseLogger - Copying 0 resource
2023-04-10 12:31:49,336 [Worker-8: Building] WARN  o.e.m.c.i.embedder.EclipseLogger - Using platform encoding (Cp1252 actually) to copy filtered resources, i.e. build is platform dependent!
2023-04-10 12:31:49,354 [Worker-8: Building] INFO  o.e.m.c.i.embedder.EclipseLogger - Copying 1 resource
2023-04-10 12:31:49,371 [Worker-8: Building] WARN  o.e.m.c.i.embedder.EclipseLogger - Using platform encoding (Cp1252 actually) to copy filtered resources, i.e. build is platform dependent!
2023-04-10 12:31:49,376 [Worker-8: Building] INFO  o.e.m.c.i.embedder.EclipseLogger - Copying 0 resource
2023-04-10 12:32:14,369 [Worker-8: Building] WARN  o.e.m.c.i.embedder.EclipseLogger - Using platform encoding (Cp1252 actually) to copy filtered resources, i.e. build is platform dependent!
2023-04-10 12:32:14,378 [Worker-8: Building] INFO  o.e.m.c.i.embedder.EclipseLogger - Copying 1 resource
2023-04-10 12:32:14,394 [Worker-8: Building] WARN  o.e.m.c.i.embedder.EclipseLogger - Using platform encoding (Cp1252 actually) to copy filtered resources, i.e. build is platform dependent!
2023-04-10 12:32:14,399 [Worker-8: Building] INFO  o.e.m.c.i.embedder.EclipseLogger - Copying 0 resource
2023-04-10 12:34:34,436 [Worker-5: Building] WARN  o.e.m.c.i.embedder.EclipseLogger - Using platform encoding (Cp1252 actually) to copy filtered resources, i.e. build is platform dependent!
2023-04-10 12:34:34,481 [Worker-5: Building] INFO  o.e.m.c.i.embedder.EclipseLogger - Copying 1 resource
2023-04-10 12:34:34,497 [Worker-5: Building] WARN  o.e.m.c.i.embedder.EclipseLogger - Using platform encoding (Cp1252 actually) to copy filtered resources, i.e. build is platform dependent!
2023-04-10 12:34:34,501 [Worker-5: Building] INFO  o.e.m.c.i.embedder.EclipseLogger - Copying 0 resource
2023-04-10 12:42:19,185 [Worker-16: Launching Savestudent] WARN  o.e.m.c.i.embedder.EclipseLogger - Using platform encoding (Cp1252 actually) to copy filtered resources, i.e. build is platform dependent!
2023-04-10 12:42:19,195 [Worker-16: Launching Savestudent] INFO  o.e.m.c.i.embedder.EclipseLogger - Copying 1 resource
2023-04-10 12:42:19,205 [Worker-16: Launching Savestudent] WARN  o.e.m.c.i.embedder.EclipseLogger - Using platform encoding (Cp1252 actually) to copy filtered resources, i.e. build is platform dependent!
2023-04-10 12:42:19,209 [Worker-16: Launching Savestudent] INFO  o.e.m.c.i.embedder.EclipseLogger - Copying 0 resource
2023-04-10 12:43:00,842 [Worker-19: Building] WARN  o.e.m.c.i.embedder.EclipseLogger - Using platform encoding (Cp1252 actually) to copy filtered resources, i.e. build is platform dependent!
2023-04-10 12:43:00,851 [Worker-19: Building] INFO  o.e.m.c.i.embedder.EclipseLogger - Copying 1 resource
2023-04-10 12:43:00,860 [Worker-19: Building] WARN  o.e.m.c.i.embedder.EclipseLogger - Using platform encoding (Cp1252 actually) to copy filtered resources, i.e. build is platform dependent!
2023-04-10 12:43:00,880 [Worker-19: Building] INFO  o.e.m.c.i.embedder.EclipseLogger - Copying 0 resource
2023-04-10 12:44:49,639 [Worker-19: Launching Savestudent] WARN  o.e.m.c.i.embedder.EclipseLogger - Using platform encoding (Cp1252 actually) to copy filtered resources, i.e. build is platform dependent!
2023-04-10 12:44:49,648 [Worker-19: Launching Savestudent] INFO  o.e.m.c.i.embedder.EclipseLogger - Copying 1 resource
2023-04-10 12:44:49,659 [Worker-19: Launching Savestudent] WARN  o.e.m.c.i.embedder.EclipseLogger - Using platform encoding (Cp1252 actually) to copy filtered resources, i.e. build is platform dependent!
2023-04-10 12:44:49,664 [Worker-19: Launching Savestudent] INFO  o.e.m.c.i.embedder.EclipseLogger - Copying 0 resource
2023-04-10 12:46:57,918 [Worker-20: Launching Deletdata] WARN  o.e.m.c.i.embedder.EclipseLogger - Using platform encoding (Cp1252 actually) to copy filtered resources, i.e. build is platform dependent!
2023-04-10 12:46:57,929 [Worker-20: Launching Deletdata] INFO  o.e.m.c.i.embedder.EclipseLogger - Copying 1 resource
2023-04-10 12:46:57,940 [Worker-20: Launching Deletdata] WARN  o.e.m.c.i.embedder.EclipseLogger - Using platform encoding (Cp1252 actually) to copy filtered resources, i.e. build is platform dependent!
2023-04-10 12:46:57,944 [Worker-20: Launching Deletdata] INFO  o.e.m.c.i.embedder.EclipseLogger - Copying 0 resource
2023-04-10 12:47:52,635 [Worker-20: Building] WARN  o.e.m.c.i.embedder.EclipseLogger - Using platform encoding (Cp1252 actually) to copy filtered resources, i.e. build is platform dependent!
2023-04-10 12:47:52,646 [Worker-20: Building] INFO  o.e.m.c.i.embedder.EclipseLogger - Copying 1 resource
2023-04-10 12:47:52,679 [Worker-20: Building] WARN  o.e.m.c.i.embedder.EclipseLogger - Using platform encoding (Cp1252 actually) to copy filtered resources, i.e. build is platform dependent!
2023-04-10 12:47:52,687 [Worker-20: Building] INFO  o.e.m.c.i.embedder.EclipseLogger - Copying 0 resource
2023-04-10 12:50:20,103 [Worker-5: Building] WARN  o.e.m.c.i.embedder.EclipseLogger - Using platform encoding (Cp1252 actually) to copy filtered resources, i.e. build is platform dependent!
2023-04-10 12:50:20,112 [Worker-5: Building] INFO  o.e.m.c.i.embedder.EclipseLogger - Copying 1 resource
2023-04-10 12:50:20,128 [Worker-5: Building] WARN  o.e.m.c.i.embedder.EclipseLogger - Using platform encoding (Cp1252 actually) to copy filtered resources, i.e. build is platform dependent!
2023-04-10 12:50:20,132 [Worker-5: Building] INFO  o.e.m.c.i.embedder.EclipseLogger - Copying 0 resource
2023-04-10 12:54:47,268 [Worker-21: Launching Getdata] WARN  o.e.m.c.i.embedder.EclipseLogger - Using platform encoding (Cp1252 actually) to copy filtered resources, i.e. build is platform dependent!
2023-04-10 12:54:47,278 [Worker-21: Launching Getdata] INFO  o.e.m.c.i.embedder.EclipseLogger - Copying 1 resource
2023-04-10 12:54:47,298 [Worker-21: Launching Getdata] WARN  o.e.m.c.i.embedder.EclipseLogger - Using platform encoding (Cp1252 actually) to copy filtered resources, i.e. build is platform dependent!
2023-04-10 12:54:47,321 [Worker-21: Launching Getdata] INFO  o.e.m.c.i.embedder.EclipseLogger - Copying 0 resource
2023-04-10 12:55:42,440 [Worker-20: Launching Getdata] WARN  o.e.m.c.i.embedder.EclipseLogger - Using platform encoding (Cp1252 actually) to copy filtered resources, i.e. build is platform dependent!
2023-04-10 12:55:42,449 [Worker-20: Launching Getdata] INFO  o.e.m.c.i.embedder.EclipseLogger - Copying 1 resource
2023-04-10 12:55:42,460 [Worker-20: Launching Getdata] WARN  o.e.m.c.i.embedder.EclipseLogger - Using platform encoding (Cp1252 actually) to copy filtered resources, i.e. build is platform dependent!
2023-04-10 12:55:42,464 [Worker-20: Launching Getdata] INFO  o.e.m.c.i.embedder.EclipseLogger - Copying 0 resource
2023-04-10 12:56:22,911 [Worker-16: Launching Getdata] WARN  o.e.m.c.i.embedder.EclipseLogger - Using platform encoding (Cp1252 actually) to copy filtered resources, i.e. build is platform dependent!
2023-04-10 12:56:22,922 [Worker-16: Launching Getdata] INFO  o.e.m.c.i.embedder.EclipseLogger - Copying 1 resource
2023-04-10 12:56:22,930 [Worker-16: Launching Getdata] WARN  o.e.m.c.i.embedder.EclipseLogger - Using platform encoding (Cp1252 actually) to copy filtered resources, i.e. build is platform dependent!
2023-04-10 12:56:22,935 [Worker-16: Launching Getdata] INFO  o.e.m.c.i.embedder.EclipseLogger - Copying 0 resource
2023-04-10 12:58:35,875 [Worker-20: Launching Savestudent] WARN  o.e.m.c.i.embedder.EclipseLogger - Using platform encoding (Cp1252 actually) to copy filtered resources, i.e. build is platform dependent!
2023-04-10 12:58:35,885 [Worker-20: Launching Savestudent] INFO  o.e.m.c.i.embedder.EclipseLogger - Copying 1 resource
2023-04-10 12:58:35,895 [Worker-20: Launching Savestudent] WARN  o.e.m.c.i.embedder.EclipseLogger - Using platform encoding (Cp1252 actually) to copy filtered resources, i.e. build is platform dependent!
2023-04-10 12:58:35,900 [Worker-20: Launching Savestudent] INFO  o.e.m.c.i.embedder.EclipseLogger - Copying 0 resource
2023-04-10 13:03:27,916 [Worker-8: Launching Savestudent] WARN  o.e.m.c.i.embedder.EclipseLogger - Using platform encoding (Cp1252 actually) to copy filtered resources, i.e. build is platform dependent!
2023-04-10 13:03:27,923 [Worker-8: Launching Savestudent] INFO  o.e.m.c.i.embedder.EclipseLogger - Copying 1 resource
2023-04-10 13:03:27,930 [Worker-8: Launching Savestudent] WARN  o.e.m.c.i.embedder.EclipseLogger - Using platform encoding (Cp1252 actually) to copy filtered resources, i.e. build is platform dependent!
2023-04-10 13:03:27,933 [Worker-8: Launching Savestudent] INFO  o.e.m.c.i.embedder.EclipseLogger - Copying 0 resource
2023-04-10 13:04:21,121 [Worker-8: Launching Savestudent] WARN  o.e.m.c.i.embedder.EclipseLogger - Using platform encoding (Cp1252 actually) to copy filtered resources, i.e. build is platform dependent!
2023-04-10 13:04:21,147 [Worker-8: Launching Savestudent] INFO  o.e.m.c.i.embedder.EclipseLogger - Copying 1 resource
2023-04-10 13:04:21,157 [Worker-8: Launching Savestudent] WARN  o.e.m.c.i.embedder.EclipseLogger - Using platform encoding (Cp1252 actually) to copy filtered resources, i.e. build is platform dependent!
2023-04-10 13:04:21,162 [Worker-8: Launching Savestudent] INFO  o.e.m.c.i.embedder.EclipseLogger - Copying 0 resource
2023-04-10 13:06:21,896 [Worker-26: Launching Savestudent] WARN  o.e.m.c.i.embedder.EclipseLogger - Using platform encoding (Cp1252 actually) to copy filtered resources, i.e. build is platform dependent!
2023-04-10 13:06:21,905 [Worker-26: Launching Savestudent] INFO  o.e.m.c.i.embedder.EclipseLogger - Copying 1 resource
2023-04-10 13:06:21,917 [Worker-26: Launching Savestudent] WARN  o.e.m.c.i.embedder.EclipseLogger - Using platform encoding (Cp1252 actually) to copy filtered resources, i.e. build is platform dependent!
2023-04-10 13:06:21,922 [Worker-26: Launching Savestudent] INFO  o.e.m.c.i.embedder.EclipseLogger - Copying 0 resource
2023-04-10 19:32:00,482 [Worker-1: Loading available Gradle versions] INFO  o.e.b.c.i.u.g.PublishedGradleVersions - Gradle version information cache is out-of-date. Trying to update.
2023-04-10 19:32:03,935 [Worker-1: Loading available Gradle versions] INFO  o.e.b.c.i.u.g.PublishedGradleVersions - Updating Gradle version information cache failed. Using outdated cache.
